Battle start time: Thu Dec 12 01:03:45 2013

Round 1
Moving unit: 0    Kind: 6
Inflence map:
   0    0    0    0    0    0    0    0    0    0    1    3    6   12   78  158  318  374 
   0    0    0    0    0    0    0    0    0  -21    0    1    2    6   82  168  337  375 
   0    0    0    0    0    0    0    0    0    0    0    0    1    3   73  148  300  337 
   0    0    0    0    0    0    0    0    0    0    0    0    0    1   45   92  186  243 
   0    0    0    0    0    0    0    0    0    0    0    0    0    0   21   53   92  120 
   0    0    0    0    0    0    0    0    0    0    0    0    0    0    8   21   45   59 
   0    0    0    0    0    0    0    0    0    0    0    0    0    0    2    8   21   28 
   0    0    0    0    0    0    0    0    0    0    0    0    0    0    0    2    8   12 
   0    0    0    0    0    0    0    0    0    0    0    0    0    0    0    0    2    3 
   0    0    0    0    0    0    0    0    0    0    0    0    0    0    0    0    0    0 
   0    0    0    0    0    0    0    0    0    0    0    0    0    0    0    0   -2   -3 
   0    0    0    0    0    0    0    0    0    0    0    0    0    0    0   -2   -8  -12 
   0    0    0    0    0    0    0    0    0    0    0    0    0    0   -2   -8  -21  -28 
   0    0    0    0    0    0    0    0    0    0    0    0    0    0   -8  -21  -45  -59 
   0    0    0    0    0    0    0    0    0    0    0    0    0    0  -21  -45  -92 -120 
   0    0    0    0    0    0    0    0    0    2    0    0    0   -1  -45  -92 -186 -243 
   0    0    0    0    0    0    0    0    2    8    2    0   -1   -3  -73 -148 -300 -337 
   0    0    0    0    0    0    0    0    8   23    8    1   -2   -6  -82 -168 -337 -375 
   0    0    0    0    0    0    0    0    0    0   -1   -3   -6  -12  -78 -158 -318 -374 
Our central point: (17, 1)   Enermy's central point: (17, 17)
Destination: (17, 0), Order: 0, Target id: 0

