connected!
info sent
rbInfo got
cmd sent


rbInfo got
cmd sent


rbInfo got
cmd sent


rbInfo got
cmd sent


rbInfo got
cmd sent


rbInfo got
cmd sent


rbInfo got
cmd sent


rbInfo got
cmd sent


rbInfo got
cmd sent


rbInfo got
cmd sent


rbInfo got
cmd sent


rbInfo got
cmd sent


hon cmd recv:::::::::
None
gp.rbInfo sent to AI
prepare to receive cmd
python cmd recv:::::::::
(0, 0)
gp.rbInfo sent to AI
prepare to receive cmd
python cmd recv:::::::::
None
gp.rbInfo sent to AI
prepare to receive cmd
python cmd recv:::::::::
(0, 0)
gp.rbInfo sent to AI
prepare to receive cmd
python cmd recv:::::::::
None
gp.rbInfo sent to AI
prepare to receive cmd
python cmd recv:::::::::
(0, 0)
gp.rbInfo sent to AI
prepare to receive cmd
python cmd recv:::::::::
None
gp.rbInfo sent to AI
prepare to receive cmd
python cmd recv:::::::::
(1, 4)
gp.rbInfo sent to AI
prepare to receive cmd
python cmd recv:::::::::
(0, 4)
gp.rbInfo sent to AI
prepare to receive cmd
python cmd recv:::::::::
(0, 0)
gp.rbInfo sent to AI
prepare to receive cmd
python cmd recv:::::::::
None
gp.rbInfo sent to AI
prepare to receive cmd
python cmd recv:::::::::
(0, 0)
gp.rbInfo sent to AI
prepare to receive cmd
python cmd recv:::::::::
None
gp.rbInfo sent to AI
prepare to receive cmd
python cmd recv:::::::::
(0, 0)
gp.rbInfo sent to AI
prepare to receive cmd
python cmd recv:::::::::
None
gp.rbInfo sent to AI
prepare to receive cmd
python cmd recv:::::::::
(0, 0)
gp.rbInfo sent to AI
prepare to receive cmd
python cmd recv:::::::::
None
gp.rbInfo sent to AI
prepare to receive cmd
python cmd recv:::::::::
(0, 0)
gp.rbInfo sent to AI
prepare to receive cmd
python cmd recv:::::::::
None
gp.rbInfo sent to AI
prepare to receive cmd
python cmd recv:::::::::
(0, 0)
gp.rbInfo sent to AI
prepare to receive cmd
python cmd recv:::::::::
None
gp.rbInfo sent to AI
prepare to receive cmd
python cmd recv:::::::::
(1, 4)
gp.rbInfo sent to AI
prepare to receive cmd
in gp.aiConnErr!!!!!!!!!!!!
